<?xml version="1.0" encoding="UTF-8"?>
<testng-results skipped="0" failed="0" total="2" passed="2">
  <reporter-output>
  </reporter-output>
  <suite name="Default suite" duration-ms="70369" started-at="2020-01-09T18:28:38Z" finished-at="2020-01-09T18:29:48Z">
    <groups>
    </groups>
    <test name="Default test" duration-ms="70369" started-at="2020-01-09T18:28:38Z" finished-at="2020-01-09T18:29:48Z">
      <class name="com.amazon.Amazon">
        <test-method status="PASS" signature="Login()[pri:0, instance:com.amazon.Amazon@4c70fda8]" name="Login" duration-ms="46285" started-at="2020-01-09T23:58:38Z" finished-at="2020-01-09T23:59:24Z">
          <reporter-output>
          </reporter-output>
        </test-method> <!-- Login -->
        <test-method status="PASS" signature="cancel_cod()[pri:0, instance:com.amazon.Amazon@4c70fda8]" name="cancel_cod" duration-ms="24061" started-at="2020-01-09T23:59:24Z" finished-at="2020-01-09T23:59:48Z">
          <reporter-output>
          </reporter-output>
        </test-method> <!-- cancel_cod -->
      </class> <!-- com.amazon.Amazon -->
    </test> <!-- Default test -->
  </suite> <!-- Default suite -->
</testng-results>
